Command line:
   ACL_ACL_sch_tb_isim_beh.exe
     -simmode  gui
     -simrunnum  0
     -socket  50935

Fri May 29 23:18:52 2020


 Elaboration Time: 0.078125 sec

 Current Memory Usage: 5180.35 Meg

 Total Signals          : 1291
 Total Nets             : 642
 Total Signal Drivers   : 324
 Total Blocks           : 225
 Total Primitive Blocks : 221
 Total Processes        : 306
 Total Traceable Variables  : 419
 Total Scalar Nets and Variables : 9012
Total Line Count : 1170

 Total Simulation Time: 12.0313 sec

 Current Memory Usage: 5023.07 Meg

Fri May 29 23:20:09 2020

